app/build/intermediates/manifest_merge_blame_file/debug/manifest-merger-blame-debug-report.txt
1<?xml version="1.0" encoding="utf-8"?>
2<manifest xmlns:android="http://schemas.android.com/apk/res/android"
3    package="com.mesbahhightech.qosqueuingalgorithms"
4    android:versionCode="1"
5    android:versionName="1.0" >
6
7    <uses-sdk
8        android:minSdkVersion="23"
8-->src/main/AndroidManifest.xml
9        android:targetSdkVersion="29" />
9-->src/main/AndroidManifest.xml
10
11    <uses-permission android:name="android.permission.INTERNET" />
11-->[com.amitshekhar.android:debug-db-base:1.0.6] AndroidManifest.xml:29:5-67
11-->[com.amitshekhar.android:debug-db-base:1.0.6] AndroidManifest.xml:29:22-64
12    <uses-permission android:name="android.permission.ACCESS_WIFI_STATE" /> <!-- Permission will be merged into the manifest of the hosting app. -->
12-->[com.amitshekhar.android:debug-db-base:1.0.6] AndroidManifest.xml:30:5-76
12-->[com.amitshekhar.android:debug-db-base:1.0.6] AndroidManifest.xml:30:22-73
13    <!-- Is required to launch foreground extraction service for targetSdkVersion 28+. -->
14    <uses-permission android:name="android.permission.FOREGROUND_SERVICE" />
14-->[com.google.android.play:core:1.9.1] AndroidManifest.xml:8:3-74
14-->[com.google.android.play:core:1.9.1] AndroidManifest.xml:8:20-72
15
16    <application
16-->src/main/AndroidManifest.xml:5:5-19:19
17        android:allowBackup="true"
17-->src/main/AndroidManifest.xml:6:9-35
18        android:appComponentFactory="androidx.core.app.CoreComponentFactory"
18-->[androidx.core:core:1.3.0] AndroidManifest.xml:24:18-86
19        android:debuggable="true"
20        android:extractNativeLibs="false"
21        android:icon="@mipmap/tiaret_university_logo"
21-->src/main/AndroidManifest.xml:7:9-54
22        android:label="@string/app_name"
22-->src/main/AndroidManifest.xml:8:9-41
23        android:roundIcon="@mipmap/tiaret_university_logo"
23-->src/main/AndroidManifest.xml:9:9-59
24        android:supportsRtl="false"
24-->src/main/AndroidManifest.xml:10:9-36
25        android:testOnly="true"
26        android:theme="@style/AppTheme" >
26-->src/main/AndroidManifest.xml:11:9-40
27        <activity
27-->src/main/AndroidManifest.xml:12:9-18:20
28            android:name="com.mesbahhightech.qosqueuingalgorithms.MainActivity"
28-->src/main/AndroidManifest.xml:12:19-47
29            android:windowSoftInputMode="adjustResize" >
29-->src/main/AndroidManifest.xml:12:48-90
30            <intent-filter>
30-->src/main/AndroidManifest.xml:13:13-17:29
31                <action android:name="android.intent.action.MAIN" />
31-->src/main/AndroidManifest.xml:14:17-69
31-->src/main/AndroidManifest.xml:14:25-66
32
33                <category android:name="android.intent.category.LAUNCHER" />
33-->src/main/AndroidManifest.xml:16:17-77
33-->src/main/AndroidManifest.xml:16:27-74
34            </intent-filter>
35        </activity>
36
37        <provider
37-->[com.amitshekhar.android:debug-db:1.0.6] AndroidManifest.xml:12:9-16:40
38            android:name="com.amitshekhar.debug.DebugDBInitProvider"
38-->[com.amitshekhar.android:debug-db:1.0.6] AndroidManifest.xml:13:13-69
39            android:authorities="com.mesbahhightech.qosqueuingalgorithms.DebugDBInitProvider"
39-->[com.amitshekhar.android:debug-db:1.0.6] AndroidManifest.xml:14:13-71
40            android:enabled="true"
40-->[com.amitshekhar.android:debug-db:1.0.6] AndroidManifest.xml:15:13-35
41            android:exported="false" />
41-->[com.amitshekhar.android:debug-db:1.0.6] AndroidManifest.xml:16:13-37
42
43        <service
43-->[androidx.room:room-runtime:2.2.5] AndroidManifest.xml:25:9-28:40
44            android:name="androidx.room.MultiInstanceInvalidationService"
44-->[androidx.room:room-runtime:2.2.5] AndroidManifest.xml:26:13-74
45            android:directBootAware="true"
45-->[androidx.room:room-runtime:2.2.5] AndroidManifest.xml:27:13-43
46            android:exported="false" />
46-->[androidx.room:room-runtime:2.2.5] AndroidManifest.xml:28:13-37
47
48        <provider
48-->[androidx.lifecycle:lifecycle-process:2.2.0-alpha03] AndroidManifest.xml:25:9-29:43
49            android:name="androidx.lifecycle.ProcessLifecycleOwnerInitializer"
49-->[androidx.lifecycle:lifecycle-process:2.2.0-alpha03] AndroidManifest.xml:26:13-79
50            android:authorities="com.mesbahhightech.qosqueuingalgorithms.lifecycle-process"
50-->[androidx.lifecycle:lifecycle-process:2.2.0-alpha03] AndroidManifest.xml:27:13-69
51            android:exported="false"
51-->[androidx.lifecycle:lifecycle-process:2.2.0-alpha03] AndroidManifest.xml:28:13-37
52            android:multiprocess="true" /> <!-- The activities will be merged into the manifest of the hosting app. -->
52-->[androidx.lifecycle:lifecycle-process:2.2.0-alpha03] AndroidManifest.xml:29:13-40
53        <activity
53-->[com.google.android.play:core:1.9.1] AndroidManifest.xml:12:5-271
54            android:name="com.google.android.play.core.missingsplits.PlayCoreMissingSplitsActivity"
54-->[com.google.android.play:core:1.9.1] AndroidManifest.xml:12:15-102
55            android:enabled="false"
55-->[com.google.android.play:core:1.9.1] AndroidManifest.xml:12:103-126
56            android:exported="false"
56-->[com.google.android.play:core:1.9.1] AndroidManifest.xml:12:127-151
57            android:launchMode="singleInstance"
57-->[com.google.android.play:core:1.9.1] AndroidManifest.xml:12:204-239
58            android:process=":playcore_missing_splits_activity"
58-->[com.google.android.play:core:1.9.1] AndroidManifest.xml:12:152-203
59            android:stateNotNeeded="true" />
59-->[com.google.android.play:core:1.9.1] AndroidManifest.xml:12:240-269
60        <activity
60-->[com.google.android.play:core:1.9.1] AndroidManifest.xml:13:5-226
61            android:name="com.google.android.play.core.common.PlayCoreDialogWrapperActivity"
61-->[com.google.android.play:core:1.9.1] AndroidManifest.xml:13:15-95
62            android:enabled="false"
62-->[com.google.android.play:core:1.9.1] AndroidManifest.xml:13:96-119
63            android:exported="false"
63-->[com.google.android.play:core:1.9.1] AndroidManifest.xml:13:120-144
64            android:stateNotNeeded="true"
64-->[com.google.android.play:core:1.9.1] AndroidManifest.xml:13:145-174
65            android:theme="@style/Theme.PlayCore.Transparent" /> <!-- The services will be merged into the manifest of the hosting app. -->
65-->[com.google.android.play:core:1.9.1] AndroidManifest.xml:13:175-224
66        <service
66-->[com.google.android.play:core:1.9.1] AndroidManifest.xml:16:5-18:15
67            android:name="com.google.android.play.core.assetpacks.AssetPackExtractionService"
67-->[com.google.android.play:core:1.9.1] AndroidManifest.xml:16:14-95
68            android:enabled="false"
68-->[com.google.android.play:core:1.9.1] AndroidManifest.xml:16:96-119
69            android:exported="true" >
69-->[com.google.android.play:core:1.9.1] AndroidManifest.xml:16:120-143
70            <meta-data
70-->[com.google.android.play:core:1.9.1] AndroidManifest.xml:17:7-108
71                android:name="com.google.android.play.core.assetpacks.versionCode"
71-->[com.google.android.play:core:1.9.1] AndroidManifest.xml:17:18-84
72                android:value="10901" />
72-->[com.google.android.play:core:1.9.1] AndroidManifest.xml:17:85-106
73        </service>
74        <service
74-->[com.google.android.play:core:1.9.1] AndroidManifest.xml:19:5-147
75            android:name="com.google.android.play.core.assetpacks.ExtractionForegroundService"
75-->[com.google.android.play:core:1.9.1] AndroidManifest.xml:19:14-96
76            android:enabled="false"
76-->[com.google.android.play:core:1.9.1] AndroidManifest.xml:19:97-120
77            android:exported="false" />
77-->[com.google.android.play:core:1.9.1] AndroidManifest.xml:19:121-145
78    </application>
79
80</manifest>